<?xml version="1.0" encoding="UTF-8"?>
<Site BuildName="Win32-MSBuild"
	BuildStamp="20231019-1649-Experimental"
	Name="Revision-PC"
	Generator="ctest-3.27.1"
	CompilerName="C:/Program Files (x86)/Microsoft Visual Studio/2019/Community/VC/Tools/MSVC/14.29.30133/bin/Hostx64/x64/cl.exe"
	CompilerVersion="19.29.30152.0"
	OSName="Windows"
	Hostname="Revision-PC"
	OSRelease=" Professional"
	OSVersion=" (Build 19045)"
	OSPlatform="AMD64"
	Is64Bits="1"
	VendorString=""
	VendorID="Unknown Manufacturer"
	FamilyID="0"
	ModelID="0"
	ProcessorCacheSize="0"
	NumberOfLogicalCPU="12"
	NumberOfPhysicalCPU="6"
	TotalVirtualMemory="21452"
	TotalPhysicalMemory="16332"
	LogicalProcessorsPerPhysical="2"
	ProcessorClockFrequency="3194"
	>
	<Testing>
		<StartDateTime>Oct 19 18:50 W. Europe Daylight Time</StartDateTime>
		<StartTestTime>1697734242</StartTestTime>
		<TestList/>
		<EndDateTime>Oct 19 18:50 W. Europe Daylight Time</EndDateTime>
		<EndTestTime>1697734242</EndTestTime>
		<ElapsedMinutes>0</ElapsedMinutes>
	</Testing>
</Site>
